17.6317 	WARNING 	Font Manager failed to load file /System/Library/PrivateFrameworks/FontServices.framework/Resources/Reserved/PingFangUI.ttc
17.7321 	WARNING 	Font Manager failed to load file /System/Library/PrivateFrameworks/FontServices.framework/Resources/Reserved/PingFangUI.ttc
19.1307 	INFO 	Loaded monitor calibration from ['2025_06_12 14:42']
19.2667 	INFO 	Using renderer 'Apple M1 Pro' for graphics
19.2667 	INFO 	OpenGL version supported by driver is 2..
19.3004 	EXP 	Created window1 = Window(allowGUI=True, allowStencil=False, autoLog=True, backendConf=UNKNOWN, backgroundFit=<method-wrapper '__getattribute__' of attributeSetter object at 0x159bec610>, backgroundImage=<method-wrapper '__getattribute__' of attributeSetter object at 0x159bec5b0>, bitsMode=UNKNOWN, blendMode='avg', bpc=(8, 8, 8), color=array([0, 0, 0]), colorSpace='rgb', depthBits=8, fullscr=False, gamma=None, gammaErrorPolicy='raise', infoMsg=UNKNOWN, lms=UNKNOWN, monitor=<psychopy.monitors.calibTools.Monitor object at 0x159c4e4a0>, multiSample=False, name='window1', numSamples=2, pos=[np.float64(260.0), np.float64(224.5)], screen=0, size=array([2560, 1440]), stencilBits=0, stereo=False, title='PsychoPy', units='height', useFBO=True, useRetina=True, viewOri=0.0, viewPos=None, viewScale=None, waitBlanking=True, winType='pyglet')
19.3005 	EXP 	window1: backgroundImage = ''
19.3005 	EXP 	window1: backgroundFit = 'none'
19.8515 	INFO 	keyboard.Keyboard is using ptb backend.
20.0202 	INFO 	keyboard.Keyboard is using ptb backend.
20.1008 	INFO 	keyboard.Keyboard is using ptb backend.
20.1008 	EXP 	mock_study: status = STARTED
20.1503 	EXP 	Created textWelcomeMessage = TextStim(__class__=<class 'psychopy.visual.text.TextStim'>, alignHoriz=method-wrapper(...), alignText='center', alignVert=method-wrapper(...), anchorHoriz='center', anchorVert='center', antialias=True, autoDraw=False, autoLog=True, bold=False, color=array([1., 1., 1.]), colorSpace='rgb', contrast=1.0, depth=0.0, draggable=False, flipHoriz=False, flipVert=False, font='Arial', fontFiles=[], height=np.float64(0.05), italic=False, languageStyle='LTR', name='textWelcomeMessage', opacity=1, ori=0.0, pos=array([0., 0.]), rgb=UNKNOWN, text=str(...), units='height', win=Window(...), wrapWidth=1)
20.1713 	EXP 	Created imageQuery = ImageStim(__class__=<class 'psychopy.visual.image.ImageStim'>, anchor=('center', 'center'), autoLog=True, color=array([1., 1., 1.]), colorSpace='rgb', contrast=1.0, depth=-1.0, draggable=False, flipHoriz=np.False_, flipVert=np.False_, image='default.png', interpolate=True, mask=None, maskParams=None, name='imageQuery', opacity=1, ori=0.0, pos=array([-0.5,  0. ]), size=array([0.5, 0.5]), texRes=128.0, units='height', win=Window(...))
20.1750 	EXP 	Created image1 = ImageStim(__class__=<class 'psychopy.visual.image.ImageStim'>, anchor=('center', 'center'), autoLog=True, color=array([1., 1., 1.]), colorSpace='rgb', contrast=1.0, depth=-2.0, draggable=False, flipHoriz=np.False_, flipVert=np.False_, image='default.png', interpolate=True, mask=None, maskParams=None, name='image1', opacity=1, ori=0.0, pos=array([0. , 0.2]), size=array([0.25, 0.25]), texRes=128.0, units='height', win=Window(...))
20.1784 	EXP 	Created image2 = ImageStim(__class__=<class 'psychopy.visual.image.ImageStim'>, anchor=('center', 'center'), autoLog=True, color=array([1., 1., 1.]), colorSpace='rgb', contrast=1.0, depth=-3.0, draggable=False, flipHoriz=np.False_, flipVert=np.False_, image='default.png', interpolate=True, mask=None, maskParams=None, name='image2', opacity=1, ori=0.0, pos=array([0.3, 0.2]), size=array([0.25, 0.25]), texRes=128.0, units='height', win=Window(...))
20.1817 	EXP 	Created image3 = ImageStim(__class__=<class 'psychopy.visual.image.ImageStim'>, anchor=('center', 'center'), autoLog=True, color=array([1., 1., 1.]), colorSpace='rgb', contrast=1.0, depth=-4.0, draggable=False, flipHoriz=np.False_, flipVert=np.False_, image='default.png', interpolate=True, mask=None, maskParams=None, name='image3', opacity=1, ori=0.0, pos=array([0.6, 0.2]), size=array([0.25, 0.25]), texRes=128.0, units='height', win=Window(...))
20.1851 	EXP 	Created image4 = ImageStim(__class__=<class 'psychopy.visual.image.ImageStim'>, anchor=('center', 'center'), autoLog=True, color=array([1., 1., 1.]), colorSpace='rgb', contrast=1.0, depth=-5.0, draggable=False, flipHoriz=np.False_, flipVert=np.False_, image='default.png', interpolate=True, mask=None, maskParams=None, name='image4', opacity=1, ori=0.0, pos=array([ 0. , -0.2]), size=array([0.25, 0.25]), texRes=128.0, units='height', win=Window(...))
20.1885 	EXP 	Created image5 = ImageStim(__class__=<class 'psychopy.visual.image.ImageStim'>, anchor=('center', 'center'), autoLog=True, color=array([1., 1., 1.]), colorSpace='rgb', contrast=1.0, depth=-6.0, draggable=False, flipHoriz=np.False_, flipVert=np.False_, image='default.png', interpolate=True, mask=None, maskParams=None, name='image5', opacity=1, ori=0.0, pos=array([ 0.3, -0.2]), size=array([0.25, 0.25]), texRes=128.0, units='height', win=Window(...))
20.1893 	EXP 	Created text = TextStim(__class__=<class 'psychopy.visual.text.TextStim'>, alignHoriz=method-wrapper(...), alignText='center', alignVert=method-wrapper(...), anchorHoriz='center', anchorVert='center', antialias=True, autoDraw=False, autoLog=True, bold=False, color=array([1., 1., 1.]), colorSpace='rgb', contrast=1.0, depth=0.0, draggable=False, flipHoriz=False, flipVert=False, font='Arial', fontFiles=[], height=np.float64(0.05), italic=False, languageStyle='LTR', name='text', opacity=1, ori=0.0, pos=array([0., 0.]), rgb=UNKNOWN, text='', units='height', win=Window(...), wrapWidth=1)
20.1956 	EXP 	Created textNextScreen = TextStim(__class__=<class 'psychopy.visual.text.TextStim'>, alignHoriz=method-wrapper(...), alignText='center', alignVert=method-wrapper(...), anchorHoriz='center', anchorVert='center', antialias=True, autoDraw=False, autoLog=True, bold=False, color=array([1., 1., 1.]), colorSpace='rgb', contrast=1.0, depth=0.0, draggable=False, flipHoriz=False, flipVert=False, font='Arial', fontFiles=[], height=np.float64(0.05), italic=False, languageStyle='LTR', name='textNextScreen', opacity=1, ori=0.0, pos=array([0., 0.]), rgb=UNKNOWN, text=str(...), units='height', win=Window(...), wrapWidth=1)
20.1997 	EXP 	Created imageQuery_2 = ImageStim(__class__=<class 'psychopy.visual.image.ImageStim'>, anchor=('center', 'center'), autoLog=True, color=array([1., 1., 1.]), colorSpace='rgb', contrast=1.0, depth=-1.0, draggable=False, flipHoriz=np.False_, flipVert=np.False_, image='default.png', interpolate=True, mask=None, maskParams=None, name='imageQuery_2', opacity=1, ori=0.0, pos=array([-0.5,  0. ]), size=array([0.5, 0.5]), texRes=128.0, units='height', win=Window(...))
20.2032 	EXP 	Created image1_2 = ImageStim(__class__=<class 'psychopy.visual.image.ImageStim'>, anchor=('center', 'center'), autoLog=True, color=array([1., 1., 1.]), colorSpace='rgb', contrast=1.0, depth=-2.0, draggable=False, flipHoriz=np.False_, flipVert=np.False_, image='default.png', interpolate=True, mask=None, maskParams=None, name='image1_2', opacity=1, ori=0.0, pos=array([0. , 0.2]), size=array([0.25, 0.25]), texRes=128.0, units='height', win=Window(...))
20.2067 	EXP 	Created image2_2 = ImageStim(__class__=<class 'psychopy.visual.image.ImageStim'>, anchor=('center', 'center'), autoLog=True, color=array([1., 1., 1.]), colorSpace='rgb', contrast=1.0, depth=-3.0, draggable=False, flipHoriz=np.False_, flipVert=np.False_, image='default.png', interpolate=True, mask=None, maskParams=None, name='image2_2', opacity=1, ori=0.0, pos=array([0.3, 0.2]), size=array([0.25, 0.25]), texRes=128.0, units='height', win=Window(...))
20.2102 	EXP 	Created image3_2 = ImageStim(__class__=<class 'psychopy.visual.image.ImageStim'>, anchor=('center', 'center'), autoLog=True, color=array([1., 1., 1.]), colorSpace='rgb', contrast=1.0, depth=-4.0, draggable=False, flipHoriz=np.False_, flipVert=np.False_, image='default.png', interpolate=True, mask=None, maskParams=None, name='image3_2', opacity=1, ori=0.0, pos=array([0.6, 0.2]), size=array([0.25, 0.25]), texRes=128.0, units='height', win=Window(...))
20.2136 	EXP 	Created image4_2 = ImageStim(__class__=<class 'psychopy.visual.image.ImageStim'>, anchor=('center', 'center'), autoLog=True, color=array([1., 1., 1.]), colorSpace='rgb', contrast=1.0, depth=-5.0, draggable=False, flipHoriz=np.False_, flipVert=np.False_, image='default.png', interpolate=True, mask=None, maskParams=None, name='image4_2', opacity=1, ori=0.0, pos=array([ 0. , -0.2]), size=array([0.25, 0.25]), texRes=128.0, units='height', win=Window(...))
20.2171 	EXP 	Created image5_2 = ImageStim(__class__=<class 'psychopy.visual.image.ImageStim'>, anchor=('center', 'center'), autoLog=True, color=array([1., 1., 1.]), colorSpace='rgb', contrast=1.0, depth=-6.0, draggable=False, flipHoriz=np.False_, flipVert=np.False_, image='default.png', interpolate=True, mask=None, maskParams=None, name='image5_2', opacity=1, ori=0.0, pos=array([ 0.3, -0.2]), size=array([0.25, 0.25]), texRes=128.0, units='height', win=Window(...))
20.2437 	EXP 	Created text = TextStim(__class__=<class 'psychopy.visual.text.TextStim'>, alignHoriz=method-wrapper(...), alignText='center', alignVert=method-wrapper(...), anchorHoriz='center', anchorVert='center', antialias=True, autoDraw=False, autoLog=True, bold=False, color=array([1., 1., 1.]), colorSpace='rgb', contrast=1.0, depth=0.0, draggable=False, flipHoriz=False, flipVert=False, font='Arial', fontFiles=[], height=np.float64(0.05), italic=False, languageStyle='LTR', name='text', opacity=1, ori=0.0, pos=array([0., 0.]), rgb=UNKNOWN, text='', units='height', win=Window(...), wrapWidth=1)
20.2477 	EXP 	Created textEndMessage = TextStim(__class__=<class 'psychopy.visual.text.TextStim'>, alignHoriz=method-wrapper(...), alignText='center', alignVert=method-wrapper(...), anchorHoriz='center', anchorVert='center', antialias=True, autoDraw=False, autoLog=True, bold=False, color=array([1., 1., 1.]), colorSpace='rgb', contrast=1.0, depth=0.0, draggable=False, flipHoriz=False, flipVert=False, font='Arial', fontFiles=[], height=np.float64(0.05), italic=False, languageStyle='LTR', name='textEndMessage', opacity=1, ori=0.0, pos=array([0., 0.]), rgb=UNKNOWN, text='Thank you for completing!', units='height', win=Window(...), wrapWidth=1)
0.0395 	INFO 	Keyboard events cleared
0.0394 	EXP 	textWelcomeMessage: autoDraw = True
1.3210 	EXP 	Device response: <KeyPress from None: t=1.135847790981643, value=space, duration=None>
1.3212 	EXP 	Device response: <KeyPress from None: t=1.135847790981643, value=space, duration=0.10835079196840525>
1.3271 	EXP 	Imported queryImages.xlsx as conditions, 5 conditions, 12 params
1.3276 	EXP 	New trial (rep=0, index=0): <Trial 0 (0 in rep 0) data={'query_image': 'images/banana.png', 'choice1': 'images/apple.png', 'choice2': 'images/banana.png', 'choice3': 'images/orange.png', 'choice4': 'images/kiwi.png', 'choice5': 'images/grape.png', 'correct_answer': 'image2', 'gray1': 'images/apple_gray.png', 'gray2': 'images/banana_gray.png', 'gray3': 'images/orange_gray.png', 'gray4': 'images/kiwi_gray.png', 'gray5': 'images/grape_gray.png', 'thisN': 0, 'thisTrialN': 0, 'thisRepN': 0}>
1.5207 	EXP 	textWelcomeMessage: autoDraw = False
1.5207 	EXP 	imageQuery: image = 'images/banana.png'
1.5207 	EXP 	image1: image = 'images/apple.png'
1.5207 	EXP 	image2: image = 'images/banana.png'
1.5207 	EXP 	image3: image = 'images/orange.png'
1.5207 	EXP 	image4: image = 'images/kiwi.png'
1.5207 	EXP 	image5: image = 'images/grape.png'
1.5207 	EXP 	imageQuery: autoDraw = True
1.5207 	EXP 	image1: autoDraw = True
1.5207 	EXP 	image2: autoDraw = True
1.5207 	EXP 	image3: autoDraw = True
1.5207 	EXP 	image4: autoDraw = True
1.5207 	EXP 	image5: autoDraw = True
19.8703 	DATA 	Mouse: Left button down, pos=(829,563)
19.8706 	DATA 	Mouse:  Left button up, pos=(829,563)
19.8715 	DATA 	Mouse: Left button down, pos=(829,563)
19.9082 	EXP 	imageQuery: autoDraw = False
19.9082 	EXP 	image1: autoDraw = False
19.9082 	EXP 	image2: autoDraw = False
19.9082 	EXP 	image3: autoDraw = False
19.9082 	EXP 	image4: autoDraw = False
19.9082 	EXP 	image5: autoDraw = False
19.9082 	EXP 	text: autoDraw = True
19.9692 	DATA 	Mouse:  Left button up, pos=(829,563)
20.9003 	EXP 	New trial (rep=0, index=1): <Trial 1 (1 in rep 0) data={'query_image': 'images/apple.png', 'choice1': 'images/orange.png', 'choice2': 'images/apple.png', 'choice3': 'images/grape.png', 'choice4': 'images/banana.png', 'choice5': 'images/kiwi.png', 'correct_answer': 'image2', 'gray1': 'images/orange_gray.png', 'gray2': 'images/apple_gray.png', 'gray3': 'images/grape_gray.png', 'gray4': 'images/banana_gray.png', 'gray5': 'images/kiwi_gray.png', 'thisN': 1, 'thisTrialN': 1, 'thisRepN': 0}>
21.0387 	EXP 	text: autoDraw = False
21.0387 	EXP 	imageQuery: image = 'images/apple.png'
21.0387 	EXP 	image1: image = 'images/orange.png'
21.0387 	EXP 	image2: image = 'images/apple.png'
21.0387 	EXP 	image3: image = 'images/grape.png'
21.0387 	EXP 	image4: image = 'images/banana.png'
21.0387 	EXP 	image5: image = 'images/kiwi.png'
21.0387 	EXP 	imageQuery: autoDraw = True
21.0387 	EXP 	image1: autoDraw = True
21.0387 	EXP 	image2: autoDraw = True
21.0387 	EXP 	image3: autoDraw = True
21.0387 	EXP 	image4: autoDraw = True
21.0387 	EXP 	image5: autoDraw = True
25.3207 	DATA 	Mouse: Left button down, pos=(860,529)
25.3210 	DATA 	Mouse:  Left button up, pos=(860,529)
25.3214 	DATA 	Mouse: Left button down, pos=(860,529)
25.3402 	EXP 	imageQuery: autoDraw = False
25.3402 	EXP 	image1: autoDraw = False
25.3402 	EXP 	image2: autoDraw = False
25.3402 	EXP 	image3: autoDraw = False
25.3402 	EXP 	image4: autoDraw = False
25.3402 	EXP 	image5: autoDraw = False
25.3402 	EXP 	text: autoDraw = True
25.4165 	DATA 	Mouse:  Left button up, pos=(860,529)
25.5165 	DATA 	Mouse: Left button down, pos=(860,529)
25.5673 	DATA 	Mouse:  Left button up, pos=(860,529)
26.3250 	EXP 	New trial (rep=0, index=2): <Trial 2 (2 in rep 0) data={'query_image': 'images/grape.png', 'choice1': 'images/kiwi.png', 'choice2': 'images/orange.png', 'choice3': 'images/grape.png', 'choice4': 'images/banana.png', 'choice5': 'images/apple.png', 'correct_answer': 'image3', 'gray1': 'images/kiwi_gray.png', 'gray2': 'images/orange_gray.png', 'gray3': 'images/grape_gray.png', 'gray4': 'images/banana_gray.png', 'gray5': 'images/apple_gray.png', 'thisN': 2, 'thisTrialN': 2, 'thisRepN': 0}>
26.4634 	EXP 	text: autoDraw = False
26.4634 	EXP 	text: autoDraw = False
26.4634 	EXP 	imageQuery: image = 'images/grape.png'
26.4634 	EXP 	image1: image = 'images/kiwi.png'
26.4634 	EXP 	image2: image = 'images/orange.png'
26.4634 	EXP 	image3: image = 'images/grape.png'
26.4634 	EXP 	image4: image = 'images/banana.png'
26.4634 	EXP 	image5: image = 'images/apple.png'
26.4634 	EXP 	imageQuery: autoDraw = True
26.4634 	EXP 	image1: autoDraw = True
26.4634 	EXP 	image2: autoDraw = True
26.4634 	EXP 	image3: autoDraw = True
26.4634 	EXP 	image4: autoDraw = True
26.4634 	EXP 	image5: autoDraw = True
27.7357 	DATA 	Mouse: Left button down, pos=(1074,526)
27.7359 	DATA 	Mouse:  Left button up, pos=(1074,526)
27.7362 	DATA 	Mouse: Left button down, pos=(1074,526)
27.7452 	EXP 	imageQuery: autoDraw = False
27.7452 	EXP 	image1: autoDraw = False
27.7452 	EXP 	image2: autoDraw = False
27.7452 	EXP 	image3: autoDraw = False
27.7452 	EXP 	image4: autoDraw = False
27.7452 	EXP 	image5: autoDraw = False
27.7452 	EXP 	text: autoDraw = True
27.8374 	DATA 	Mouse:  Left button up, pos=(1074,526)
28.7322 	EXP 	New trial (rep=0, index=3): <Trial 3 (3 in rep 0) data={'query_image': 'images/orange.png', 'choice1': 'images/banana.png', 'choice2': 'images/apple.png', 'choice3': 'images/kiwi.png', 'choice4': 'images/grape.png', 'choice5': 'images/orange.png', 'correct_answer': 'image5', 'gray1': 'images/banana_gray.png', 'gray2': 'images/apple_gray.png', 'gray3': 'images/kiwi_gray.png', 'gray4': 'images/grape_gray.png', 'gray5': 'images/orange_gray.png', 'thisN': 3, 'thisTrialN': 3, 'thisRepN': 0}>
28.8717 	EXP 	text: autoDraw = False
28.8717 	EXP 	text: autoDraw = False
28.8717 	EXP 	imageQuery: image = 'images/orange.png'
28.8717 	EXP 	image1: image = 'images/banana.png'
28.8717 	EXP 	image2: image = 'images/apple.png'
28.8717 	EXP 	image3: image = 'images/kiwi.png'
28.8717 	EXP 	image4: image = 'images/grape.png'
28.8717 	EXP 	image5: image = 'images/orange.png'
28.8717 	EXP 	imageQuery: autoDraw = True
28.8717 	EXP 	image1: autoDraw = True
28.8717 	EXP 	image2: autoDraw = True
28.8717 	EXP 	image3: autoDraw = True
28.8717 	EXP 	image4: autoDraw = True
28.8717 	EXP 	image5: autoDraw = True
30.5590 	DATA 	Mouse: Left button down, pos=(880,239)
30.5592 	DATA 	Mouse:  Left button up, pos=(880,239)
30.5596 	DATA 	Mouse: Left button down, pos=(880,239)
30.5647 	EXP 	imageQuery: autoDraw = False
30.5647 	EXP 	image1: autoDraw = False
30.5647 	EXP 	image2: autoDraw = False
30.5647 	EXP 	image3: autoDraw = False
30.5647 	EXP 	image4: autoDraw = False
30.5647 	EXP 	image5: autoDraw = False
30.5647 	EXP 	text: autoDraw = True
30.6463 	DATA 	Mouse:  Left button up, pos=(880,239)
31.5483 	EXP 	New trial (rep=0, index=4): <Trial 4 (4 in rep 0) data={'query_image': 'images/kiwi.png', 'choice1': 'images/kiwi.png', 'choice2': 'images/apple.png', 'choice3': 'images/grape.png', 'choice4': 'images/banana.png', 'choice5': 'images/orange.png', 'correct_answer': 'image1', 'gray1': 'images/kiwi_gray.png', 'gray2': 'images/apple_gray.png', 'gray3': 'images/grape_gray.png', 'gray4': 'images/banana_gray.png', 'gray5': 'images/orange_gray.png', 'thisN': 4, 'thisTrialN': 4, 'thisRepN': 0}>
31.7074 	EXP 	text: autoDraw = False
31.7074 	EXP 	text: autoDraw = False
31.7074 	EXP 	imageQuery: image = 'images/kiwi.png'
31.7074 	EXP 	image1: image = 'images/kiwi.png'
31.7074 	EXP 	image2: image = 'images/apple.png'
31.7074 	EXP 	image3: image = 'images/grape.png'
31.7074 	EXP 	image4: image = 'images/banana.png'
31.7074 	EXP 	image5: image = 'images/orange.png'
31.7074 	EXP 	imageQuery: autoDraw = True
31.7074 	EXP 	image1: autoDraw = True
31.7074 	EXP 	image2: autoDraw = True
31.7074 	EXP 	image3: autoDraw = True
31.7074 	EXP 	image4: autoDraw = True
31.7074 	EXP 	image5: autoDraw = True
36.0559 	DATA 	Mouse: Left button down, pos=(637,545)
36.0561 	DATA 	Mouse:  Left button up, pos=(637,545)
36.0564 	DATA 	Mouse: Left button down, pos=(637,545)
36.0628 	EXP 	imageQuery: autoDraw = False
36.0628 	EXP 	image1: autoDraw = False
36.0628 	EXP 	image2: autoDraw = False
36.0628 	EXP 	image3: autoDraw = False
36.0628 	EXP 	image4: autoDraw = False
36.0628 	EXP 	image5: autoDraw = False
36.0628 	EXP 	text: autoDraw = True
36.1560 	DATA 	Mouse:  Left button up, pos=(637,545)
37.0611 	INFO 	Keyboard events cleared
37.0610 	EXP 	text: autoDraw = False
37.0610 	EXP 	text: autoDraw = False
37.0610 	EXP 	textNextScreen: autoDraw = True
38.1763 	EXP 	Device response: <KeyPress from None: t=38.17547537491191, value=space, duration=None>
38.1851 	EXP 	Imported queryImages.xlsx as conditions, 5 conditions, 12 params
38.1855 	EXP 	New trial (rep=0, index=0): <Trial 0 (0 in rep 0) data={'query_image': 'images/grape.png', 'choice1': 'images/kiwi.png', 'choice2': 'images/orange.png', 'choice3': 'images/grape.png', 'choice4': 'images/banana.png', 'choice5': 'images/apple.png', 'correct_answer': 'image3', 'gray1': 'images/kiwi_gray.png', 'gray2': 'images/orange_gray.png', 'gray3': 'images/grape_gray.png', 'gray4': 'images/banana_gray.png', 'gray5': 'images/apple_gray.png', 'thisN': 0, 'thisTrialN': 0, 'thisRepN': 0}>
38.4112 	EXP 	Device response: <KeyPress from None: t=38.17547537491191, value=space, duration=0.10418420808855444>
38.4207 	EXP 	textNextScreen: autoDraw = False
38.4207 	EXP 	imageQuery_2: image = 'images/grape.png'
38.4207 	EXP 	image1_2: image = 'images/kiwi.png'
38.4207 	EXP 	image2_2: image = 'images/orange.png'
38.4207 	EXP 	image3_2: image = 'images/grape.png'
38.4207 	EXP 	image4_2: image = 'images/banana.png'
38.4207 	EXP 	image5_2: image = 'images/apple.png'
38.4207 	EXP 	image1_2: image = 'images/kiwi.png'
38.4207 	EXP 	image2_2: image = 'images/orange.png'
38.4207 	EXP 	image3_2: image = 'images/grape.png'
38.4207 	EXP 	image4_2: image = 'images/banana.png'
38.4207 	EXP 	image5_2: image = 'images/apple.png'
38.4207 	EXP 	imageQuery_2: autoDraw = True
38.4207 	EXP 	image1_2: autoDraw = True
38.4207 	EXP 	image2_2: autoDraw = True
38.4207 	EXP 	image3_2: autoDraw = True
38.4207 	EXP 	image4_2: autoDraw = True
38.4207 	EXP 	image5_2: autoDraw = True
47.8371 	DATA 	Mouse: Left button down, pos=(403,102)
47.8373 	DATA 	Mouse:  Left button up, pos=(403,102)
47.8376 	DATA 	Mouse: Left button down, pos=(403,102)
48.0207 	DATA 	Mouse:  Left button up, pos=(403,102)
48.0211 	DATA 	Mouse: Left button down, pos=(403,102)
48.0260 	EXP 	image1: image = 'images/kiwi_gray.png'
48.0260 	EXP 	image2: image = 'images/orange_gray.png'
48.0260 	EXP 	image3: image = 'images/grape_gray.png'
48.0260 	EXP 	image4: image = 'images/banana_gray.png'
48.0260 	EXP 	image5: image = 'images/apple_gray.png'
48.0260 	EXP 	image1_2: image = 'images/kiwi.png'
48.0260 	EXP 	image2_2: image = 'images/orange.png'
48.0260 	EXP 	image3_2: image = 'images/grape.png'
48.0260 	EXP 	image4_2: image = 'images/banana.png'
48.0260 	EXP 	image5_2: image = 'images/apple.png'
48.0995 	DATA 	Mouse:  Left button up, pos=(403,102)
48.1041 	EXP 	image1: image = 'images/kiwi_gray.png'
48.1041 	EXP 	image2: image = 'images/orange_gray.png'
48.1041 	EXP 	image3: image = 'images/grape_gray.png'
48.1041 	EXP 	image4: image = 'images/banana_gray.png'
48.1041 	EXP 	image5: image = 'images/apple_gray.png'
48.8169 	DATA 	Mouse: Left button down, pos=(360,74)
48.8171 	DATA 	Mouse:  Left button up, pos=(360,74)
48.8174 	DATA 	Mouse: Left button down, pos=(360,74)
48.9251 	DATA 	Mouse:  Left button up, pos=(360,74)
48.9292 	EXP 	image1: image = 'images/kiwi.png'
48.9292 	EXP 	image2: image = 'images/orange.png'
48.9292 	EXP 	image3: image = 'images/grape.png'
48.9292 	EXP 	image4: image = 'images/banana.png'
48.9292 	EXP 	image5: image = 'images/apple.png'
49.1497 	DATA 	Mouse: Left button down, pos=(360,74)
49.2427 	EXP 	image1: image = 'images/kiwi_gray.png'
49.2427 	EXP 	image2: image = 'images/orange_gray.png'
49.2427 	EXP 	image3: image = 'images/grape_gray.png'
49.2427 	EXP 	image4: image = 'images/banana_gray.png'
49.2427 	EXP 	image5: image = 'images/apple_gray.png'
49.3398 	DATA 	Mouse:  Left button up, pos=(360,74)
49.3438 	EXP 	image1: image = 'images/kiwi.png'
49.3438 	EXP 	image2: image = 'images/orange.png'
49.3438 	EXP 	image3: image = 'images/grape.png'
49.3438 	EXP 	image4: image = 'images/banana.png'
49.3438 	EXP 	image5: image = 'images/apple.png'
52.4619 	DATA 	Mouse: Left button down, pos=(434,36)
52.4621 	DATA 	Mouse:  Left button up, pos=(434,36)
52.4623 	DATA 	Mouse: Left button down, pos=(434,36)
52.6373 	DATA 	Mouse:  Left button up, pos=(434,36)
52.6419 	EXP 	image1: image = 'images/kiwi_gray.png'
52.6419 	EXP 	image2: image = 'images/orange_gray.png'
52.6419 	EXP 	image3: image = 'images/grape_gray.png'
52.6419 	EXP 	image4: image = 'images/banana_gray.png'
52.6419 	EXP 	image5: image = 'images/apple_gray.png'
52.6419 	EXP 	image1_2: image = 'images/kiwi.png'
52.6419 	EXP 	image2_2: image = 'images/orange.png'
52.6419 	EXP 	image3_2: image = 'images/grape.png'
52.6419 	EXP 	image4_2: image = 'images/banana.png'
52.6419 	EXP 	image5_2: image = 'images/apple.png'
53.2285 	DATA 	Mouse: Left button down, pos=(233,89)
53.2290 	DATA 	Mouse:  Left button up, pos=(233,89)
53.2292 	DATA 	Mouse: Left button down, pos=(233,89)
53.4050 	DATA 	Mouse:  Left button up, pos=(233,89)
53.4091 	EXP 	image1: image = 'images/kiwi_gray.png'
53.4091 	EXP 	image2: image = 'images/orange_gray.png'
53.4091 	EXP 	image3: image = 'images/grape_gray.png'
53.4091 	EXP 	image4: image = 'images/banana_gray.png'
53.4091 	EXP 	image5: image = 'images/apple_gray.png'
53.4091 	EXP 	image1_2: image = 'images/kiwi.png'
53.4091 	EXP 	image2_2: image = 'images/orange.png'
53.4091 	EXP 	image3_2: image = 'images/grape.png'
53.4091 	EXP 	image4_2: image = 'images/banana.png'
53.4091 	EXP 	image5_2: image = 'images/apple.png'
53.4445 	DATA 	Mouse: Left button down, pos=(233,89)
53.6155 	DATA 	Mouse:  Left button up, pos=(233,89)
53.6203 	EXP 	image1: image = 'images/kiwi_gray.png'
53.6203 	EXP 	image2: image = 'images/orange_gray.png'
53.6203 	EXP 	image3: image = 'images/grape_gray.png'
53.6203 	EXP 	image4: image = 'images/banana_gray.png'
53.6203 	EXP 	image5: image = 'images/apple_gray.png'
53.6203 	EXP 	image1_2: image = 'images/kiwi.png'
53.6203 	EXP 	image2_2: image = 'images/orange.png'
53.6203 	EXP 	image3_2: image = 'images/grape.png'
53.6203 	EXP 	image4_2: image = 'images/banana.png'
53.6203 	EXP 	image5_2: image = 'images/apple.png'
53.6696 	DATA 	Mouse: Left button down, pos=(233,89)
53.7460 	DATA 	Mouse:  Left button up, pos=(233,89)
53.7501 	EXP 	image1: image = 'images/kiwi_gray.png'
53.7501 	EXP 	image2: image = 'images/orange_gray.png'
53.7501 	EXP 	image3: image = 'images/grape_gray.png'
53.7501 	EXP 	image4: image = 'images/banana_gray.png'
53.7501 	EXP 	image5: image = 'images/apple_gray.png'
54.5449 	DATA 	Mouse: Left button down, pos=(340,89)
54.5458 	DATA 	Mouse:  Left button up, pos=(340,89)
54.5460 	DATA 	Mouse: Left button down, pos=(340,89)
54.6471 	DATA 	Mouse:  Left button up, pos=(340,89)
54.6512 	EXP 	image1: image = 'images/kiwi.png'
54.6512 	EXP 	image2: image = 'images/orange.png'
54.6512 	EXP 	image3: image = 'images/grape.png'
54.6512 	EXP 	image4: image = 'images/banana.png'
54.6512 	EXP 	image5: image = 'images/apple.png'
54.7702 	DATA 	Mouse: Left button down, pos=(340,89)
54.9446 	DATA 	Mouse:  Left button up, pos=(340,89)
54.9493 	EXP 	image1: image = 'images/kiwi_gray.png'
54.9493 	EXP 	image2: image = 'images/orange_gray.png'
54.9493 	EXP 	image3: image = 'images/grape_gray.png'
54.9493 	EXP 	image4: image = 'images/banana_gray.png'
54.9493 	EXP 	image5: image = 'images/apple_gray.png'
54.9493 	EXP 	image1_2: image = 'images/kiwi.png'
54.9493 	EXP 	image2_2: image = 'images/orange.png'
54.9493 	EXP 	image3_2: image = 'images/grape.png'
54.9493 	EXP 	image4_2: image = 'images/banana.png'
54.9493 	EXP 	image5_2: image = 'images/apple.png'
55.0200 	DATA 	Mouse: Left button down, pos=(340,89)
55.0964 	DATA 	Mouse:  Left button up, pos=(340,89)
55.1004 	EXP 	image1: image = 'images/kiwi_gray.png'
55.1004 	EXP 	image2: image = 'images/orange_gray.png'
55.1004 	EXP 	image3: image = 'images/grape_gray.png'
55.1004 	EXP 	image4: image = 'images/banana_gray.png'
55.1004 	EXP 	image5: image = 'images/apple_gray.png'
55.2278 	DATA 	Mouse: Left button down, pos=(340,89)
55.3312 	DATA 	Mouse:  Left button up, pos=(340,89)
55.3352 	EXP 	image1: image = 'images/kiwi.png'
55.3352 	EXP 	image2: image = 'images/orange.png'
55.3352 	EXP 	image3: image = 'images/grape.png'
55.3352 	EXP 	image4: image = 'images/banana.png'
55.3352 	EXP 	image5: image = 'images/apple.png'
55.8707 	DATA 	Mouse: Left button down, pos=(335,58)
55.8709 	DATA 	Mouse:  Left button up, pos=(335,58)
55.8711 	DATA 	Mouse: Left button down, pos=(335,58)
56.0453 	DATA 	Mouse:  Left button up, pos=(335,58)
56.0500 	EXP 	image1: image = 'images/kiwi_gray.png'
56.0500 	EXP 	image2: image = 'images/orange_gray.png'
56.0500 	EXP 	image3: image = 'images/grape_gray.png'
56.0500 	EXP 	image4: image = 'images/banana_gray.png'
56.0500 	EXP 	image5: image = 'images/apple_gray.png'
56.0500 	EXP 	image1_2: image = 'images/kiwi.png'
56.0500 	EXP 	image2_2: image = 'images/orange.png'
56.0500 	EXP 	image3_2: image = 'images/grape.png'
56.0500 	EXP 	image4_2: image = 'images/banana.png'
56.0500 	EXP 	image5_2: image = 'images/apple.png'
56.2367 	DATA 	Mouse: Left button down, pos=(335,58)
56.4124 	DATA 	Mouse:  Left button up, pos=(335,58)
56.4170 	EXP 	image1: image = 'images/kiwi_gray.png'
56.4170 	EXP 	image2: image = 'images/orange_gray.png'
56.4170 	EXP 	image3: image = 'images/grape_gray.png'
56.4170 	EXP 	image4: image = 'images/banana_gray.png'
56.4170 	EXP 	image5: image = 'images/apple_gray.png'
56.4170 	EXP 	image1_2: image = 'images/kiwi.png'
56.4170 	EXP 	image2_2: image = 'images/orange.png'
56.4170 	EXP 	image3_2: image = 'images/grape.png'
56.4170 	EXP 	image4_2: image = 'images/banana.png'
56.4170 	EXP 	image5_2: image = 'images/apple.png'
56.5152 	DATA 	Mouse: Left button down, pos=(335,58)
56.6917 	DATA 	Mouse:  Left button up, pos=(335,58)
56.6964 	EXP 	image1: image = 'images/kiwi_gray.png'
56.6964 	EXP 	image2: image = 'images/orange_gray.png'
56.6964 	EXP 	image3: image = 'images/grape_gray.png'
56.6964 	EXP 	image4: image = 'images/banana_gray.png'
56.6964 	EXP 	image5: image = 'images/apple_gray.png'
56.6964 	EXP 	image1_2: image = 'images/kiwi.png'
56.6964 	EXP 	image2_2: image = 'images/orange.png'
56.6964 	EXP 	image3_2: image = 'images/grape.png'
56.6964 	EXP 	image4_2: image = 'images/banana.png'
56.6964 	EXP 	image5_2: image = 'images/apple.png'
56.7446 	DATA 	Mouse: Left button down, pos=(335,58)
56.9164 	DATA 	Mouse:  Left button up, pos=(335,58)
56.9212 	EXP 	image1: image = 'images/kiwi_gray.png'
56.9212 	EXP 	image2: image = 'images/orange_gray.png'
56.9212 	EXP 	image3: image = 'images/grape_gray.png'
56.9212 	EXP 	image4: image = 'images/banana_gray.png'
56.9212 	EXP 	image5: image = 'images/apple_gray.png'
56.9212 	EXP 	image1_2: image = 'images/kiwi.png'
56.9212 	EXP 	image2_2: image = 'images/orange.png'
56.9212 	EXP 	image3_2: image = 'images/grape.png'
56.9212 	EXP 	image4_2: image = 'images/banana.png'
56.9212 	EXP 	image5_2: image = 'images/apple.png'
56.9262 	DATA 	Mouse: Left button down, pos=(335,58)
57.0984 	DATA 	Mouse:  Left button up, pos=(335,58)
57.1028 	EXP 	image1: image = 'images/kiwi_gray.png'
57.1028 	EXP 	image2: image = 'images/orange_gray.png'
57.1028 	EXP 	image3: image = 'images/grape_gray.png'
57.1028 	EXP 	image4: image = 'images/banana_gray.png'
57.1028 	EXP 	image5: image = 'images/apple_gray.png'
57.1028 	EXP 	image1_2: image = 'images/kiwi.png'
57.1028 	EXP 	image2_2: image = 'images/orange.png'
57.1028 	EXP 	image3_2: image = 'images/grape.png'
57.1028 	EXP 	image4_2: image = 'images/banana.png'
57.1028 	EXP 	image5_2: image = 'images/apple.png'
57.1195 	DATA 	Mouse: Left button down, pos=(335,58)
57.2886 	DATA 	Mouse:  Left button up, pos=(335,58)
57.2934 	EXP 	image1: image = 'images/kiwi_gray.png'
57.2934 	EXP 	image2: image = 'images/orange_gray.png'
57.2934 	EXP 	image3: image = 'images/grape_gray.png'
57.2934 	EXP 	image4: image = 'images/banana_gray.png'
57.2934 	EXP 	image5: image = 'images/apple_gray.png'
57.2934 	EXP 	image1_2: image = 'images/kiwi.png'
57.2934 	EXP 	image2_2: image = 'images/orange.png'
57.2934 	EXP 	image3_2: image = 'images/grape.png'
57.2934 	EXP 	image4_2: image = 'images/banana.png'
57.2934 	EXP 	image5_2: image = 'images/apple.png'
57.7079 	DATA 	Mouse: Left button down, pos=(218,110)
57.7081 	DATA 	Mouse:  Left button up, pos=(218,110)
57.7083 	DATA 	Mouse: Left button down, pos=(218,110)
57.8811 	DATA 	Mouse:  Left button up, pos=(218,110)
57.8858 	EXP 	image1: image = 'images/kiwi_gray.png'
57.8858 	EXP 	image2: image = 'images/orange_gray.png'
57.8858 	EXP 	image3: image = 'images/grape_gray.png'
57.8858 	EXP 	image4: image = 'images/banana_gray.png'
57.8858 	EXP 	image5: image = 'images/apple_gray.png'
57.8858 	EXP 	image1_2: image = 'images/kiwi.png'
57.8858 	EXP 	image2_2: image = 'images/orange.png'
57.8858 	EXP 	image3_2: image = 'images/grape.png'
57.8858 	EXP 	image4_2: image = 'images/banana.png'
57.8858 	EXP 	image5_2: image = 'images/apple.png'
57.8993 	DATA 	Mouse: Left button down, pos=(218,110)
58.0710 	DATA 	Mouse:  Left button up, pos=(218,110)
58.0715 	DATA 	Mouse: Left button down, pos=(218,110)
58.0765 	EXP 	image1: image = 'images/kiwi_gray.png'
58.0765 	EXP 	image2: image = 'images/orange_gray.png'
58.0765 	EXP 	image3: image = 'images/grape_gray.png'
58.0765 	EXP 	image4: image = 'images/banana_gray.png'
58.0765 	EXP 	image5: image = 'images/apple_gray.png'
58.0765 	EXP 	image1_2: image = 'images/kiwi.png'
58.0765 	EXP 	image2_2: image = 'images/orange.png'
58.0765 	EXP 	image3_2: image = 'images/grape.png'
58.0765 	EXP 	image4_2: image = 'images/banana.png'
58.0765 	EXP 	image5_2: image = 'images/apple.png'
58.1541 	EXP 	image1: image = 'images/kiwi_gray.png'
58.1541 	EXP 	image2: image = 'images/orange_gray.png'
58.1541 	EXP 	image3: image = 'images/grape_gray.png'
58.1541 	EXP 	image4: image = 'images/banana_gray.png'
58.1541 	EXP 	image5: image = 'images/apple_gray.png'
58.1547 	DATA 	Mouse:  Left button up, pos=(218,110)
58.7042 	DATA 	Mouse: Left button down, pos=(384,110)
58.7044 	DATA 	Mouse:  Left button up, pos=(384,110)
58.7046 	DATA 	Mouse: Left button down, pos=(384,110)
58.8072 	DATA 	Mouse:  Left button up, pos=(384,110)
58.8113 	EXP 	image1: image = 'images/kiwi.png'
58.8113 	EXP 	image2: image = 'images/orange.png'
58.8113 	EXP 	image3: image = 'images/grape.png'
58.8113 	EXP 	image4: image = 'images/banana.png'
58.8113 	EXP 	image5: image = 'images/apple.png'
59.3704 	DATA 	Mouse: Left button down, pos=(348,84)
59.3706 	DATA 	Mouse:  Left button up, pos=(348,84)
59.3712 	DATA 	Mouse: Left button down, pos=(348,84)
59.4486 	DATA 	Mouse:  Left button up, pos=(348,84)
59.4527 	EXP 	image1: image = 'images/kiwi_gray.png'
59.4527 	EXP 	image2: image = 'images/orange_gray.png'
59.4527 	EXP 	image3: image = 'images/grape_gray.png'
59.4527 	EXP 	image4: image = 'images/banana_gray.png'
59.4527 	EXP 	image5: image = 'images/apple_gray.png'
59.5573 	DATA 	Mouse: Left button down, pos=(348,84)
59.6570 	DATA 	Mouse:  Left button up, pos=(348,84)
59.6613 	EXP 	image1: image = 'images/kiwi.png'
59.6613 	EXP 	image2: image = 'images/orange.png'
59.6613 	EXP 	image3: image = 'images/grape.png'
59.6613 	EXP 	image4: image = 'images/banana.png'
59.6613 	EXP 	image5: image = 'images/apple.png'
59.8280 	DATA 	Mouse: Left button down, pos=(348,84)
60.0018 	DATA 	Mouse:  Left button up, pos=(348,84)
60.0065 	EXP 	image1: image = 'images/kiwi_gray.png'
60.0065 	EXP 	image2: image = 'images/orange_gray.png'
60.0065 	EXP 	image3: image = 'images/grape_gray.png'
60.0065 	EXP 	image4: image = 'images/banana_gray.png'
60.0065 	EXP 	image5: image = 'images/apple_gray.png'
60.0065 	EXP 	image1_2: image = 'images/kiwi.png'
60.0065 	EXP 	image2_2: image = 'images/orange.png'
60.0065 	EXP 	image3_2: image = 'images/grape.png'
60.0065 	EXP 	image4_2: image = 'images/banana.png'
60.0065 	EXP 	image5_2: image = 'images/apple.png'
60.4617 	DATA 	Mouse: Left button down, pos=(323,74)
60.4622 	DATA 	Mouse:  Left button up, pos=(323,74)
60.4624 	DATA 	Mouse: Left button down, pos=(323,74)
60.6374 	DATA 	Mouse:  Left button up, pos=(323,74)
60.6420 	EXP 	image1: image = 'images/kiwi_gray.png'
60.6420 	EXP 	image2: image = 'images/orange_gray.png'
60.6420 	EXP 	image3: image = 'images/grape_gray.png'
60.6420 	EXP 	image4: image = 'images/banana_gray.png'
60.6420 	EXP 	image5: image = 'images/apple_gray.png'
60.6420 	EXP 	image1_2: image = 'images/kiwi.png'
60.6420 	EXP 	image2_2: image = 'images/orange.png'
60.6420 	EXP 	image3_2: image = 'images/grape.png'
60.6420 	EXP 	image4_2: image = 'images/banana.png'
60.6420 	EXP 	image5_2: image = 'images/apple.png'
60.7780 	DATA 	Mouse: Left button down, pos=(324,74)
60.9541 	DATA 	Mouse:  Left button up, pos=(324,74)
60.9585 	EXP 	image1: image = 'images/kiwi_gray.png'
60.9585 	EXP 	image2: image = 'images/orange_gray.png'
60.9585 	EXP 	image3: image = 'images/grape_gray.png'
60.9585 	EXP 	image4: image = 'images/banana_gray.png'
60.9585 	EXP 	image5: image = 'images/apple_gray.png'
60.9585 	EXP 	image1_2: image = 'images/kiwi.png'
60.9585 	EXP 	image2_2: image = 'images/orange.png'
60.9585 	EXP 	image3_2: image = 'images/grape.png'
60.9585 	EXP 	image4_2: image = 'images/banana.png'
60.9585 	EXP 	image5_2: image = 'images/apple.png'
61.0199 	DATA 	Mouse: Left button down, pos=(324,74)
61.1921 	DATA 	Mouse:  Left button up, pos=(324,74)
61.1969 	EXP 	image1: image = 'images/kiwi_gray.png'
61.1969 	EXP 	image2: image = 'images/orange_gray.png'
61.1969 	EXP 	image3: image = 'images/grape_gray.png'
61.1969 	EXP 	image4: image = 'images/banana_gray.png'
61.1969 	EXP 	image5: image = 'images/apple_gray.png'
61.1969 	EXP 	image1_2: image = 'images/kiwi.png'
61.1969 	EXP 	image2_2: image = 'images/orange.png'
61.1969 	EXP 	image3_2: image = 'images/grape.png'
61.1969 	EXP 	image4_2: image = 'images/banana.png'
61.1969 	EXP 	image5_2: image = 'images/apple.png'
66.0740 	EXP 	Device response: <KeyPress from None: t=66.04576949996408, value=escape, duration=None>
66.1622 	EXP 	Device response: <KeyPress from None: t=66.04576949996408, value=escape, duration=0.10801874997559935>
66.1622 	EXP 	mock_study: status = STOPPED
66.1641 	EXP 	imageQuery_2: autoDraw = False
66.1641 	EXP 	image1_2: autoDraw = False
66.1641 	EXP 	image2_2: autoDraw = False
66.1641 	EXP 	image3_2: autoDraw = False
66.1641 	EXP 	image4_2: autoDraw = False
66.1641 	EXP 	image5_2: autoDraw = False
66.1641 	EXP 	mock_study: status = STOPPED
66.1698 	INFO 	saved data to '/Users/marcogiven/Desktop/PsychoPyProjects/mock_study_clean/data/_mock_study_2025-06-17_12h14.08.495.csv'
66.1704 	INFO 	saved data to /Users/marcogiven/Desktop/PsychoPyProjects/mock_study_clean/data/_mock_study_2025-06-17_12h14.08.495.psydat
66.2953 	WARNING 	Stopping key buffers but this could be dangerous ifother keyboards rely on the same.
66.2953 	WARNING 	Stopping key buffers but this could be dangerous ifother keyboards rely on the same.
66.2954 	WARNING 	Stopping key buffers but this could be dangerous ifother keyboards rely on the same.
