17.4747 	WARNING 	Font Manager failed to load file /System/Library/PrivateFrameworks/FontServices.framework/Resources/Reserved/PingFangUI.ttc
17.6123 	WARNING 	Font Manager failed to load file /System/Library/PrivateFrameworks/FontServices.framework/Resources/Reserved/PingFangUI.ttc
39.7143 	DATA 	Mouse: Left button down, pos=(842,339)
39.7652 	DATA 	Mouse:  Left button up, pos=(842,339)
40.4387 	DATA 	Keypress: space
42.0036 	DATA 	Mouse: Left button down, pos=(889,475)
42.1181 	DATA 	Mouse:  Left button up, pos=(888,475)
43.7429 	DATA 	Mouse: Left button down, pos=(871,163)
43.8765 	DATA 	Mouse:  Left button up, pos=(871,163)
45.5944 	DATA 	Mouse: Left button down, pos=(683,478)
45.6849 	DATA 	Mouse:  Left button up, pos=(683,478)
47.6969 	DATA 	Mouse: Left button down, pos=(1074,500)
47.7640 	DATA 	Mouse:  Left button up, pos=(1074,500)
130.4011 	DATA 	Mouse: Left button down, pos=(887,524)
130.5015 	DATA 	Mouse:  Left button up, pos=(887,525)
132.7625 	DATA 	Keypress: space
133.6663 	DATA 	Mouse: Left button down, pos=(293,89)
133.7891 	DATA 	Mouse:  Left button up, pos=(293,89)
134.3091 	DATA 	Mouse: Left button down, pos=(293,89)
134.4230 	DATA 	Mouse:  Left button up, pos=(293,89)
135.0060 	DATA 	Mouse: Left button down, pos=(293,89)
135.1006 	DATA 	Mouse:  Left button up, pos=(293,89)
135.8521 	DATA 	Mouse: Left button down, pos=(293,89)
135.9575 	DATA 	Mouse:  Left button up, pos=(293,89)
137.7642 	DATA 	Mouse: Left button down, pos=(893,481)
137.8846 	DATA 	Mouse:  Left button up, pos=(893,481)
141.3557 	DATA 	Mouse: Left button down, pos=(301,53)
141.4675 	DATA 	Mouse:  Left button up, pos=(301,53)
142.2382 	DATA 	Mouse: Left button down, pos=(308,90)
142.3478 	DATA 	Mouse:  Left button up, pos=(308,90)
142.9972 	DATA 	Mouse: Left button down, pos=(308,90)
143.1100 	DATA 	Mouse:  Left button up, pos=(308,90)
143.6094 	DATA 	Mouse: Left button down, pos=(308,90)
143.7146 	DATA 	Mouse:  Left button up, pos=(308,90)
156.7366 	DATA 	Mouse: Left button down, pos=(1072,482)
156.8443 	DATA 	Mouse:  Left button up, pos=(1072,482)
159.2130 	DATA 	Mouse: Left button down, pos=(867,177)
159.3013 	DATA 	Mouse:  Left button up, pos=(867,177)
161.3763 	DATA 	Mouse: Left button down, pos=(704,460)
161.4595 	DATA 	Mouse:  Left button up, pos=(704,460)
163.6340 	DATA 	Mouse: Left button down, pos=(888,547)
163.7265 	DATA 	Mouse:  Left button up, pos=(888,547)
169.8102 	WARNING 	Stopping key buffers but this could be dangerous ifother keyboards rely on the same.
169.8103 	WARNING 	Stopping key buffers but this could be dangerous ifother keyboards rely on the same.
169.8103 	WARNING 	Stopping key buffers but this could be dangerous ifother keyboards rely on the same.
